.\mvnw.cmd : WARNING: A 
restricted method in 
java.lang.System has 
been called
At line:1 char:1
+ .\mvnw.cmd 
spring-boot:run "-Dsprin
g-boot.run.arguments=--s
erver.port ...
+ ~~~~~~~~~~~~~~~~~~~~~~
~~~~~~~~~~~~~~~~~~~~~~~~
~~~~~~~~~~~~~~~~~~~~~~~
    + CategoryInfo      
        : NotSpecified: 
(W    ARNING: A 
rest...has     been 
called:String) [    ], 
RemoteException
    + 
FullyQualifiedError    
Id : NativeCommandErr   
 or
 
WARNING: 
java.lang.System::load 
has been called by org.f
usesource.jansi.internal
.JansiLoader in an 
unnamed module (file:/C:
/Users/sande/.m2/wrapper
/apache-maven-3.9.6/lib/
jansi-2.4.0.jar)
WARNING: Use --enable-na
tive-access=ALL-UNNAMED 
to avoid a warning for 
callers in this module
WARNING: Restricted 
methods will be blocked 
in a future release 
unless native access is 
enabled

WARNING: A terminally 
deprecated method in 
sun.misc.Unsafe has 
been called
WARNING: sun.misc.Unsafe
::objectFieldOffset has 
been called by com.googl
e.common.util.concurrent
.AbstractFuture$UnsafeAt
omicHelper (file:/C:/Use
rs/sande/.m2/wrapper/apa
che-maven-3.9.6/lib/guav
a-32.0.1-jre.jar)
WARNING: Please 
consider reporting this 
to the maintainers of 
class com.google.common.
util.concurrent.Abstract
Future$UnsafeAtomicHelpe
r
WARNING: sun.misc.Unsafe
::objectFieldOffset 
will be removed in a 
future release
[INFO] Scanning for projects...
[INFO] 
[INFO] ------------------------< com.sentinel:backend >------------------------
[INFO] Building Sentinel Backend 1.0.0-SNAPSHOT
[INFO]   from pom.xml
[INFO] --------------------------------[ jar ]---------------------------------
[INFO] 
[INFO] >>> spring-boot:3.2.4:run (default-cli) > test-compile @ backend >>>
[INFO] 
[INFO] --- resources:3.3.1:resources (default-resources) @ backend ---
[INFO] Copying 1 resource from src\main\resources to target\classes
[INFO] Copying 0 resource from src\main\resources to target\classes
[INFO] 
[INFO] --- compiler:3.11.0:compile (default-compile) @ backend ---
[INFO] Changes detected - recompiling the module! :source
[INFO] Compiling 32 source files with javac [debug release 17] to target\classes
[INFO] /D:/react/sentinel-analytics/backend/src/main/java/com/sentinel/model/Project.java: Some input files use or override a deprecated API.
[INFO] /D:/react/sentinel-analytics/backend/src/main/java/com/sentinel/model/Project.java: Recompile with -Xlint:deprecation for details.
[INFO] /D:/react/sentinel-analytics/backend/src/main/java/com/sentinel/service/GeminiService.java: D:\react\sentinel-analytics\backend\src\main\java\com\sentinel\service\GeminiService.java uses unchecked or unsafe operations.
[INFO] /D:/react/sentinel-analytics/backend/src/main/java/com/sentinel/service/GeminiService.java: Recompile with -Xlint:unchecked for details.
[INFO] 
[INFO] --- resources:3.3.1:testResources (default-testResources) @ backend ---
[INFO] skip non existing resourceDirectory D:\react\sentinel-analytics\backend\src\test\resources
[INFO] 
[INFO] --- compiler:3.11.0:testCompile (default-testCompile) @ backend ---
[INFO] No sources to compile
[INFO] 
[INFO] <<< spring-boot:3.2.4:run (default-cli) < test-compile @ backend <<<
[INFO] 
[INFO] 
[INFO] --- spring-boot:3.2.4:run (default-cli) @ backend ---
[INFO] Attaching agents: []

  .   ____          _            __ _ _
 /\\ / ___'_ __ _ _(_)_ __  __ _ \ \ \ \
( ( )\___ | '_ | '_| | '_ \/ _` | \ \ \ \
 \\/  ___)| |_)| | | | | || (_| |  ) ) ) )
  '  |____| .__|_| |_|_| |_\__, | / / / /
 =========|_|==============|___/=/_/_/_/
 :: Spring Boot ::                (v3.2.4)

2026-04-05T11:54:30.949+05:30  INFO 12304 --- [           main] com.sentinel.SentinelApplication         : Starting SentinelApplication using Java 25 with PID 12304 (D:\react\sentinel-analytics\backend\target\classes started by sande in D:\react\sentinel-analytics\backend)
2026-04-05T11:54:30.951+05:30  INFO 12304 --- [           main] com.sentinel.SentinelApplication         : No active profile set, falling back to 1 default profile: "default"
2026-04-05T11:54:31.854+05:30  INFO 12304 --- [           main] .s.d.r.c.RepositoryConfigurationDelegate : Bootstrapping Spring Data JPA repositories in DEFAULT mode.
2026-04-05T11:54:32.056+05:30  INFO 12304 --- [           main] .s.d.r.c.RepositoryConfigurationDelegate : Finished Spring Data repository scanning in 193 ms. Found 6 JPA repository interfaces.
WARNING: A restricted method in java.lang.System has been called
WARNING: java.lang.System::load has been called by org.apache.tomcat.jni.Library in an unnamed module (file:/C:/Users/sande/.m2/repository/org/apache/tomcat/embed/tomcat-embed-core/10.1.19/tomcat-embed-core-10.1.19.jar)
WARNING: Use --enable-native-access=ALL-UNNAMED to avoid a warning for callers in this module
WARNING: Restricted methods will be blocked in a future release unless native access is enabled

2026-04-05T11:54:33.114+05:30  INFO 12304 --- [           main] o.s.b.w.embedded.tomcat.TomcatWebServer  : Tomcat initialized with port 8081 (http)
2026-04-05T11:54:33.155+05:30  INFO 12304 --- [           main] o.apache.catalina.core.StandardService   : Starting service [Tomcat]
2026-04-05T11:54:33.155+05:30  INFO 12304 --- [           main] o.apache.catalina.core.StandardEngine    : Starting Servlet engine: [Apache Tomcat/10.1.19]
2026-04-05T11:54:33.414+05:30  INFO 12304 --- [           main] o.a.c.c.C.[Tomcat].[localhost].[/]       : Initializing Spring embedded WebApplicationContext
2026-04-05T11:54:33.421+05:30  INFO 12304 --- [           main] w.s.c.ServletWebServerApplicationContext : Root WebApplicationContext: initialization completed in 2414 ms
2026-04-05T11:54:33.589+05:30  INFO 12304 --- [           main] com.zaxxer.hikari.HikariDataSource       : HikariPool-1 - Starting...
2026-04-05T11:54:34.347+05:30  INFO 12304 --- [           main] com.zaxxer.hikari.pool.HikariPool        : HikariPool-1 - Added connection conn0: url=jdbc:h2:mem:sentinel user=SA
2026-04-05T11:54:34.352+05:30  INFO 12304 --- [           main] com.zaxxer.hikari.HikariDataSource       : HikariPool-1 - Start completed.
2026-04-05T11:54:34.388+05:30  INFO 12304 --- [           main] o.s.b.a.h2.H2ConsoleAutoConfiguration    : H2 console available at '/h2-console'. Database available at 'jdbc:h2:mem:sentinel'
2026-04-05T11:54:34.886+05:30  INFO 12304 --- [           main] o.hibernate.jpa.internal.util.LogHelper  : HHH000204: Processing PersistenceUnitInfo [name: default]
2026-04-05T11:54:35.155+05:30  INFO 12304 --- [           main] org.hibernate.Version                    : HHH000412: Hibernate ORM core version 6.4.4.Final
2026-04-05T11:54:35.297+05:30  INFO 12304 --- [           main] o.h.c.internal.RegionFactoryInitiator    : HHH000026: Second-level cache disabled
2026-04-05T11:54:36.375+05:30  INFO 12304 --- [           main] o.s.o.j.p.SpringPersistenceUnitInfo      : No LoadTimeWeaver setup: ignoring JPA class transformer
2026-04-05T11:54:36.591+05:30  WARN 12304 --- [           main] org.hibernate.orm.deprecation            : HHH90000025: H2Dialect does not need to be specified explicitly using 'hibernate.dialect' (remove the property setting and it will be selected by default)
2026-04-05T11:54:40.611+05:30  INFO 12304 --- [           main] o.h.e.t.j.p.i.JtaPlatformInitiator       : HHH000489: No JTA platform available (set 'hibernate.transaction.jta.platform' to enable JTA platform integration)
Hibernate: 
    drop table if exists issues cascade 
Hibernate: 
    drop table if exists logs cascade 
Hibernate: 
    drop table if exists projects cascade 
Hibernate: 
    drop table if exists sub_modules cascade 
Hibernate: 
    drop table if exists teams cascade 
Hibernate: 
    drop table if exists teams_submodules cascade 
Hibernate: 
    drop table if exists users cascade 
Hibernate: 
    drop table if exists users_teams cascade 
Hibernate: 
    create table issues (
        first_seen timestamp(6) with time zone,
        last_seen timestamp(6) with time zone,
        occurrence_count bigint,
        id uuid not null,
        project_id uuid,
        fingerprint varchar(255),
        level varchar(255),
        status varchar(255),
        title varchar(255),
        primary key (id)
    )
Hibernate: 
    create table logs (
        duration_ms integer,
        timestamp timestamp(6) with time zone,
        id uuid not null,
        issue_id uuid,
        project_id uuid,
        sub_module_id uuid,
        environment varchar(255),
        level varchar(255),
        message TEXT,
        stack_trace TEXT,
        primary key (id)
    )
Hibernate: 
    create table projects (
        created_at timestamp(6) with time zone,
        id uuid not null,
        api_key varchar(255) not null unique,
        name varchar(255) not null,
        primary key (id)
    )
Hibernate: 
    create table sub_modules (
        created_at timestamp(6) with time zone,
        id uuid not null,
        project_id uuid,
        name varchar(255) not null,
        primary key (id)
    )
Hibernate: 
    create table teams (
        created_at timestamp(6) with time zone,
        id uuid not null,
        project_id uuid,
        name varchar(255) not null,
        primary key (id)
    )
Hibernate: 
    create table teams_submodules (
        sub_module_id uuid not null,
        team_id uuid not null,
        primary key (sub_module_id, team_id)
    )
Hibernate: 
    create table users (
        created_at timestamp(6) with time zone,
        id uuid not null,
        email varchar(255) not null unique,
        password_hash varchar(255) not null,
        role varchar(255) not null,
        primary key (id)
    )
Hibernate: 
    create table users_teams (
        team_id uuid not null,
        user_id uuid not null,
        primary key (team_id, user_id)
    )
Hibernate: 
    alter table if exists issues 
       add constraint FK4j2x3reshuu7qj5svh6eacnpt 
       foreign key (project_id) 
       references projects
Hibernate: 
    alter table if exists logs 
       add constraint FKpbbrnfv1ducutu3mr2hcgk794 
       foreign key (issue_id) 
       references issues
Hibernate: 
    alter table if exists logs 
       add constraint FK77g6aiecp6vw8o3at56y7dgun 
       foreign key (project_id) 
       references projects
Hibernate: 
    alter table if exists logs 
       add constraint FK9f3ln4dsp5ygjqpi1eed2t3tw 
       foreign key (sub_module_id) 
       references sub_modules
Hibernate: 
    alter table if exists sub_modules 
       add constraint FK1kvsw7poq33w3jkwdk1qx6iyb 
       foreign key (project_id) 
       references projects
Hibernate: 
    alter table if exists teams 
       add constraint FK7so1u4r6rpxrqeyxekfwklt5l 
       foreign key (project_id) 
       references projects
Hibernate: 
    alter table if exists teams_submodules 
       add constraint FKrtd8s52ux5x91j9yvct2l2kcp 
       foreign key (sub_module_id) 
       references sub_modules
Hibernate: 
    alter table if exists teams_submodules 
       add constraint FK4ifidaec60934s3knmo8j3u0b 
       foreign key (team_id) 
       references teams
Hibernate: 
    alter table if exists users_teams 
       add constraint FKh5yx5pc8x6mv9ohqfh18tw6es 
       foreign key (team_id) 
       references teams
Hibernate: 
    alter table if exists users_teams 
       add constraint FK31k9hhkcp7fiugrk2lu7vq9jo 
       foreign key (user_id) 
       references users
2026-04-05T11:54:40.880+05:30  INFO 12304 --- [           main] j.LocalContainerEntityManagerFactoryBean : Initialized JPA EntityManagerFactory for persistence unit 'default'
2026-04-05T11:54:42.826+05:30  INFO 12304 --- [           main] o.s.d.j.r.query.QueryEnhancerFactory     : Hibernate is in classpath; If applicable, HQL parser will be used.
2026-04-05T11:54:45.191+05:30  WARN 12304 --- [           main] JpaBaseConfiguration$JpaWebConfiguration : spring.jpa.open-in-view is enabled by default. Therefore, database queries may be performed during view rendering. Explicitly configure spring.jpa.open-in-view to disable this warning
2026-04-05T11:54:46.372+05:30  INFO 12304 --- [           main] o.s.s.web.DefaultSecurityFilterChain     : Will secure any request with [org.springframework.security.web.session.DisableEncodeUrlFilter@13987842, org.springframework.security.web.context.request.async.WebAsyncManagerIntegrationFilter@1f5513df, org.springframework.security.web.context.SecurityContextHolderFilter@7817824d, org.springframework.security.web.header.HeaderWriterFilter@29788adf, org.springframework.web.filter.CorsFilter@24aa1547, org.springframework.security.web.authentication.logout.LogoutFilter@11734d3d, com.sentinel.security.JwtAuthenticationFilter@1dbfbd94, org.springframework.security.web.savedrequest.RequestCacheAwareFilter@329ab624, org.springframework.security.web.servletapi.SecurityContextHolderAwareRequestFilter@401358e5, org.springframework.security.web.authentication.AnonymousAuthenticationFilter@b230f87, org.springframework.security.web.session.SessionManagementFilter@17d1b2a0, org.springframework.security.web.access.ExceptionTranslationFilter@3f7a48a1, org.springframework.security.web.access.intercept.AuthorizationFilter@300788d6]
WARNING: A terminally deprecated method in sun.misc.Unsafe has been called
WARNING: sun.misc.Unsafe::objectFieldOffset has been called by io.netty.util.internal.PlatformDependent0$4 (file:/C:/Users/sande/.m2/repository/io/netty/netty-common/4.1.107.Final/netty-common-4.1.107.Final.jar)
WARNING: Please consider reporting this to the maintainers of class io.netty.util.internal.PlatformDependent0$4
WARNING: sun.misc.Unsafe::objectFieldOffset will be removed in a future release
2026-04-05T11:54:47.731+05:30  INFO 12304 --- [           main] o.s.b.w.embedded.tomcat.TomcatWebServer  : Tomcat started on port 8081 (http) with context path ''
2026-04-05T11:54:47.755+05:30  INFO 12304 --- [           main] com.sentinel.SentinelApplication         : Started SentinelApplication in 17.305 seconds (process running for 18.029)
Hibernate: 
    select
        u1_0.id,
        u1_0.created_at,
        u1_0.email,
        u1_0.password_hash,
        u1_0.role 
    from
        users u1_0 
    where
        u1_0.email=?
Hibernate: 
    insert 
    into
        users
        (created_at, email, password_hash, role, id) 
    values
        (?, ?, ?, ?, ?)
>>> SEEDER: Admin User Created
Hibernate: 
    select
        p1_0.id,
        p1_0.api_key,
        p1_0.created_at,
        p1_0.name 
    from
        projects p1_0 
    where
        p1_0.api_key=?
Hibernate: 
    insert 
    into
        projects
        (api_key, created_at, name, id) 
    values
        (?, ?, ?, ?)
>>> SEEDER: Sentinel Demo Project Created (sentinel-demo-key-2026)
