.\mvnw.cmd : WARNING: A restricted method in 
java.lang.System has been called
At line:1 char:1
+ .\mvnw.cmd spring-boot:run 
"-Dspring-boot.run.arguments=--server.port 
...
+ ~~~~~~~~~~~~~~~~~~~~~~~~~~~~~~~~~~~~~~~~~~~
~~~~~~~~~~~~~~~~~~~~~~~~~~
    + CategoryInfo          : NotSpecified:  
   (WARNING: A rest...has been called:Strin  
  g) [], RemoteException
    + FullyQualifiedErrorId : NativeCommandE 
   rror
 
WARNING: java.lang.System::load has been 
called by 
org.fusesource.jansi.internal.JansiLoader in 
an unnamed module (file:/C:/Users/sande/.m2/w
rapper/apache-maven-3.9.6/lib/jansi-2.4.0.jar
)
WARNING: Use 
--enable-native-access=ALL-UNNAMED to avoid 
a warning for callers in this module
WARNING: Restricted methods will be blocked 
in a future release unless native access is 
enabled

WARNING: A terminally deprecated method in 
sun.misc.Unsafe has been called
WARNING: sun.misc.Unsafe::objectFieldOffset 
has been called by com.google.common.util.con
current.AbstractFuture$UnsafeAtomicHelper (fi
le:/C:/Users/sande/.m2/wrapper/apache-maven-3
.9.6/lib/guava-32.0.1-jre.jar)
WARNING: Please consider reporting this to 
the maintainers of class com.google.common.ut
il.concurrent.AbstractFuture$UnsafeAtomicHelp
er
WARNING: sun.misc.Unsafe::objectFieldOffset 
will be removed in a future release
[INFO] Scanning for projects...
[INFO] 
[INFO] ------------------------< com.sentinel:backend >------------------------
[INFO] Building Sentinel Backend 1.0.0-SNAPSHOT
[INFO]   from pom.xml
[INFO] --------------------------------[ jar ]---------------------------------
[INFO] 
[INFO] >>> spring-boot:3.2.4:run (default-cli) > test-compile @ backend >>>
[INFO] 
[INFO] --- resources:3.3.1:resources (default-resources) @ backend ---
[INFO] Copying 1 resource from src\main\resources to target\classes
[INFO] Copying 0 resource from src\main\resources to target\classes
[INFO] 
[INFO] --- compiler:3.11.0:compile (default-compile) @ backend ---
[INFO] Changes detected - recompiling the module! :source
[INFO] Compiling 32 source files with javac [debug release 17] to target\classes
[INFO] /D:/react/sentinel-analytics/backend/src/main/java/com/sentinel/model/Project.java: Some input files use or override a deprecated API.
[INFO] /D:/react/sentinel-analytics/backend/src/main/java/com/sentinel/model/Project.java: Recompile with -Xlint:deprecation for details.
[INFO] /D:/react/sentinel-analytics/backend/src/main/java/com/sentinel/service/GeminiService.java: D:\react\sentinel-analytics\backend\src\main\java\com\sentinel\service\GeminiService.java uses unchecked or unsafe operations.
[INFO] /D:/react/sentinel-analytics/backend/src/main/java/com/sentinel/service/GeminiService.java: Recompile with -Xlint:unchecked for details.
[INFO] 
[INFO] --- resources:3.3.1:testResources (default-testResources) @ backend ---
[INFO] skip non existing resourceDirectory D:\react\sentinel-analytics\backend\src\test\resources
[INFO] 
[INFO] --- compiler:3.11.0:testCompile (default-testCompile) @ backend ---
[INFO] No sources to compile
[INFO] 
[INFO] <<< spring-boot:3.2.4:run (default-cli) < test-compile @ backend <<<
[INFO] 
[INFO] 
[INFO] --- spring-boot:3.2.4:run (default-cli) @ backend ---
[INFO] Attaching agents: []

  .   ____          _            __ _ _
 /\\ / ___'_ __ _ _(_)_ __  __ _ \ \ \ \
( ( )\___ | '_ | '_| | '_ \/ _` | \ \ \ \
 \\/  ___)| |_)| | | | | || (_| |  ) ) ) )
  '  |____| .__|_| |_|_| |_\__, | / / / /
 =========|_|==============|___/=/_/_/_/
 :: Spring Boot ::                (v3.2.4)

2026-04-05T13:01:44.671+05:30  INFO 19772 --- [           main] com.sentinel.SentinelApplication         : Starting SentinelApplication using Java 25 with PID 19772 (D:\react\sentinel-analytics\backend\target\classes started by sande in D:\react\sentinel-analytics\backend)
2026-04-05T13:01:44.673+05:30  INFO 19772 --- [           main] com.sentinel.SentinelApplication         : No active profile set, falling back to 1 default profile: "default"
2026-04-05T13:01:48.934+05:30  INFO 19772 --- [           main] .s.d.r.c.RepositoryConfigurationDelegate : Bootstrapping Spring Data JPA repositories in DEFAULT mode.
2026-04-05T13:01:51.105+05:30  INFO 19772 --- [           main] .s.d.r.c.RepositoryConfigurationDelegate : Finished Spring Data repository scanning in 2003 ms. Found 6 JPA repository interfaces.
WARNING: A restricted method in java.lang.System has been called
WARNING: java.lang.System::load has been called by org.apache.tomcat.jni.Library in an unnamed module (file:/C:/Users/sande/.m2/repository/org/apache/tomcat/embed/tomcat-embed-core/10.1.19/tomcat-embed-core-10.1.19.jar)
WARNING: Use --enable-native-access=ALL-UNNAMED to avoid a warning for callers in this module
WARNING: Restricted methods will be blocked in a future release unless native access is enabled

2026-04-05T13:01:54.150+05:30  INFO 19772 --- [           main] o.s.b.w.embedded.tomcat.TomcatWebServer  : Tomcat initialized with port 8081 (http)
2026-04-05T13:01:54.202+05:30  INFO 19772 --- [           main] o.apache.catalina.core.StandardService   : Starting service [Tomcat]
2026-04-05T13:01:54.203+05:30  INFO 19772 --- [           main] o.apache.catalina.core.StandardEngine    : Starting Servlet engine: [Apache Tomcat/10.1.19]
2026-04-05T13:01:54.515+05:30  INFO 19772 --- [           main] o.a.c.c.C.[Tomcat].[localhost].[/]       : Initializing Spring embedded WebApplicationContext
2026-04-05T13:01:54.523+05:30  INFO 19772 --- [           main] w.s.c.ServletWebServerApplicationContext : Root WebApplicationContext: initialization completed in 9707 ms
2026-04-05T13:01:54.675+05:30  INFO 19772 --- [           main] com.zaxxer.hikari.HikariDataSource       : HikariPool-1 - Starting...
2026-04-05T13:01:55.525+05:30  INFO 19772 --- [           main] com.zaxxer.hikari.pool.HikariPool        : HikariPool-1 - Added connection conn0: url=jdbc:h2:mem:sentinel user=SA
2026-04-05T13:01:55.538+05:30  INFO 19772 --- [           main] com.zaxxer.hikari.HikariDataSource       : HikariPool-1 - Start completed.
2026-04-05T13:01:55.588+05:30  INFO 19772 --- [           main] o.s.b.a.h2.H2ConsoleAutoConfiguration    : H2 console available at '/h2-console'. Database available at 'jdbc:h2:mem:sentinel'
2026-04-05T13:01:56.133+05:30  INFO 19772 --- [           main] o.hibernate.jpa.internal.util.LogHelper  : HHH000204: Processing PersistenceUnitInfo [name: default]
2026-04-05T13:01:56.341+05:30  INFO 19772 --- [           main] org.hibernate.Version                    : HHH000412: Hibernate ORM core version 6.4.4.Final
2026-04-05T13:01:56.471+05:30  INFO 19772 --- [           main] o.h.c.internal.RegionFactoryInitiator    : HHH000026: Second-level cache disabled
2026-04-05T13:01:57.574+05:30  INFO 19772 --- [           main] o.s.o.j.p.SpringPersistenceUnitInfo      : No LoadTimeWeaver setup: ignoring JPA class transformer
2026-04-05T13:01:57.780+05:30  WARN 19772 --- [           main] org.hibernate.orm.deprecation            : HHH90000025: H2Dialect does not need to be specified explicitly using 'hibernate.dialect' (remove the property setting and it will be selected by default)
2026-04-05T13:02:02.302+05:30  INFO 19772 --- [           main] o.h.e.t.j.p.i.JtaPlatformInitiator       : HHH000489: No JTA platform available (set 'hibernate.transaction.jta.platform' to enable JTA platform integration)
Hibernate: 
    drop table if exists issues cascade 
Hibernate: 
    drop table if exists logs cascade 
Hibernate: 
    drop table if exists projects cascade 
Hibernate: 
    drop table if exists sub_modules cascade 
Hibernate: 
    drop table if exists teams cascade 
Hibernate: 
    drop table if exists teams_submodules cascade 
Hibernate: 
    drop table if exists users cascade 
Hibernate: 
    drop table if exists users_teams cascade 
Hibernate: 
    create table issues (
        first_seen timestamp(6) with time zone,
        last_seen timestamp(6) with time zone,
        occurrence_count bigint,
        id uuid not null,
        project_id uuid,
        fingerprint varchar(255),
        level varchar(255),
        status varchar(255),
        title varchar(255),
        primary key (id)
    )
Hibernate: 
    create table logs (
        duration_ms integer,
        timestamp timestamp(6) with time zone,
        id uuid not null,
        issue_id uuid,
        project_id uuid,
        sub_module_id uuid,
        environment varchar(255),
        level varchar(255),
        message TEXT,
        stack_trace TEXT,
        primary key (id)
    )
Hibernate: 
    create table projects (
        created_at timestamp(6) with time zone,
        id uuid not null,
        api_key varchar(255) not null unique,
        name varchar(255) not null,
        primary key (id)
    )
Hibernate: 
    create table sub_modules (
        created_at timestamp(6) with time zone,
        id uuid not null,
        project_id uuid,
        name varchar(255) not null,
        primary key (id)
    )
Hibernate: 
    create table teams (
        created_at timestamp(6) with time zone,
        id uuid not null,
        project_id uuid,
        name varchar(255) not null,
        primary key (id)
    )
Hibernate: 
    create table teams_submodules (
        sub_module_id uuid not null,
        team_id uuid not null,
        primary key (sub_module_id, team_id)
    )
Hibernate: 
    create table users (
        created_at timestamp(6) with time zone,
        id uuid not null,
        email varchar(255) not null unique,
        password_hash varchar(255) not null,
        role varchar(255) not null,
        primary key (id)
    )
Hibernate: 
    create table users_teams (
        team_id uuid not null,
        user_id uuid not null,
        primary key (team_id, user_id)
    )
Hibernate: 
    alter table if exists issues 
       add constraint FK4j2x3reshuu7qj5svh6eacnpt 
       foreign key (project_id) 
       references projects
Hibernate: 
    alter table if exists logs 
       add constraint FKpbbrnfv1ducutu3mr2hcgk794 
       foreign key (issue_id) 
       references issues
Hibernate: 
    alter table if exists logs 
       add constraint FK77g6aiecp6vw8o3at56y7dgun 
       foreign key (project_id) 
       references projects
Hibernate: 
    alter table if exists logs 
       add constraint FK9f3ln4dsp5ygjqpi1eed2t3tw 
       foreign key (sub_module_id) 
       references sub_modules
Hibernate: 
    alter table if exists sub_modules 
       add constraint FK1kvsw7poq33w3jkwdk1qx6iyb 
       foreign key (project_id) 
       references projects
Hibernate: 
    alter table if exists teams 
       add constraint FK7so1u4r6rpxrqeyxekfwklt5l 
       foreign key (project_id) 
       references projects
Hibernate: 
    alter table if exists teams_submodules 
       add constraint FKrtd8s52ux5x91j9yvct2l2kcp 
       foreign key (sub_module_id) 
       references sub_modules
Hibernate: 
    alter table if exists teams_submodules 
       add constraint FK4ifidaec60934s3knmo8j3u0b 
       foreign key (team_id) 
       references teams
Hibernate: 
    alter table if exists users_teams 
       add constraint FKh5yx5pc8x6mv9ohqfh18tw6es 
       foreign key (team_id) 
       references teams
Hibernate: 
    alter table if exists users_teams 
       add constraint FK31k9hhkcp7fiugrk2lu7vq9jo 
       foreign key (user_id) 
       references users
2026-04-05T13:02:02.641+05:30  INFO 19772 --- [           main] j.LocalContainerEntityManagerFactoryBean : Initialized JPA EntityManagerFactory for persistence unit 'default'
2026-04-05T13:02:04.481+05:30  INFO 19772 --- [           main] o.s.d.j.r.query.QueryEnhancerFactory     : Hibernate is in classpath; If applicable, HQL parser will be used.
2026-04-05T13:02:05.993+05:30  WARN 19772 --- [           main] JpaBaseConfiguration$JpaWebConfiguration : spring.jpa.open-in-view is enabled by default. Therefore, database queries may be performed during view rendering. Explicitly configure spring.jpa.open-in-view to disable this warning
2026-04-05T13:02:06.880+05:30  INFO 19772 --- [           main] o.s.s.web.DefaultSecurityFilterChain     : Will secure any request with [org.springframework.security.web.session.DisableEncodeUrlFilter@42530cd6, org.springframework.security.web.context.request.async.WebAsyncManagerIntegrationFilter@337f76ff, org.springframework.security.web.context.SecurityContextHolderFilter@1aa75e, org.springframework.security.web.header.HeaderWriterFilter@7a0ba5f0, org.springframework.web.filter.CorsFilter@5e3c3c3d, org.springframework.security.web.authentication.logout.LogoutFilter@39da5edb, com.sentinel.security.JwtAuthenticationFilter@7d432bc0, org.springframework.security.web.savedrequest.RequestCacheAwareFilter@7dd5d17a, org.springframework.security.web.servletapi.SecurityContextHolderAwareRequestFilter@18a8a42b, org.springframework.security.web.authentication.AnonymousAuthenticationFilter@7aafcef3, org.springframework.security.web.session.SessionManagementFilter@73ae7ce4, org.springframework.security.web.access.ExceptionTranslationFilter@79f8af90, org.springframework.security.web.access.intercept.AuthorizationFilter@4fa7df5c]
WARNING: A terminally deprecated method in sun.misc.Unsafe has been called
WARNING: sun.misc.Unsafe::objectFieldOffset has been called by io.netty.util.internal.PlatformDependent0$4 (file:/C:/Users/sande/.m2/repository/io/netty/netty-common/4.1.107.Final/netty-common-4.1.107.Final.jar)
WARNING: Please consider reporting this to the maintainers of class io.netty.util.internal.PlatformDependent0$4
WARNING: sun.misc.Unsafe::objectFieldOffset will be removed in a future release
2026-04-05T13:02:07.646+05:30  WARN 19772 --- [           main] ConfigServletWebServerApplicationContext : Exception encountered during context initialization - cancelling refresh attempt: org.springframework.context.ApplicationContextException: Failed to start bean 'webServerStartStop'
2026-04-05T13:02:07.653+05:30  INFO 19772 --- [           main] j.LocalContainerEntityManagerFactoryBean : Closing JPA EntityManagerFactory for persistence unit 'default'
Hibernate: 
    drop table if exists issues cascade 
Hibernate: 
    drop table if exists logs cascade 
Hibernate: 
    drop table if exists projects cascade 
Hibernate: 
    drop table if exists sub_modules cascade 
Hibernate: 
    drop table if exists teams cascade 
Hibernate: 
    drop table if exists teams_submodules cascade 
Hibernate: 
    drop table if exists users cascade 
Hibernate: 
    drop table if exists users_teams cascade 
2026-04-05T13:02:07.690+05:30  INFO 19772 --- [           main] com.zaxxer.hikari.HikariDataSource       : HikariPool-1 - Shutdown initiated...
2026-04-05T13:02:07.699+05:30  INFO 19772 --- [           main] com.zaxxer.hikari.HikariDataSource       : HikariPool-1 - Shutdown completed.
2026-04-05T13:02:07.728+05:30  INFO 19772 --- [           main] .s.b.a.l.ConditionEvaluationReportLogger : 

Error starting ApplicationContext. To display the condition evaluation report re-run your application with 'debug' enabled.
2026-04-05T13:02:07.862+05:30 ERROR 19772 --- [           main] o.s.b.d.LoggingFailureAnalysisReporter   : 

***************************
APPLICATION FAILED TO START
***************************

Description:

Web server failed to start. Port 8081 was already in use.

Action:

Identify and stop the process that's listening on port 8081 or configure this application to listen on another port.

[INFO] ------------------------------------------------------------------------
[INFO] BUILD FAILURE
[INFO] ------------------------------------------------------------------------
[INFO] Total time:  42.981 s
[INFO] Finished at: 2026-04-05T13:02:07+05:30
[INFO] ------------------------------------------------------------------------
[ERROR] Failed to execute goal org.springframework.boot:spring-boot-maven-plugin:3.2.4:run (default-cli) on project backend: Process terminated with exit code: 1 -> [Help 1]
[ERROR] 
[ERROR] To see the full stack trace of the errors, re-run Maven with the -e switch.
[ERROR] Re-run Maven using the -X switch to enable full debug logging.
[ERROR] 
[ERROR] For more information about the errors and possible solutions, please read the following articles:
[ERROR] [Help 1] http://cwiki.apache.org/confluence/display/MAVEN/MojoExecutionException
