.\mvnw.cmd : WARNING: A 
restricted method in 
java.lang.System has been 
called
At line:1 char:1
+ .\mvnw.cmd 
spring-boot:run "-Dspring-
boot.run.arguments=--serve
r.port ...
+ ~~~~~~~~~~~~~~~~~~~~~~~~
~~~~~~~~~~~~~~~~~~~~~~~~~~
~~~~~~~~~~~~~~~~~~~
    + CategoryInfo        
      : NotSpecified: (W  
  ARNING: A rest...has    
 been called:String) [    
], RemoteException
    + FullyQualifiedError 
   Id : NativeCommandErr  
  or
 
WARNING: 
java.lang.System::load 
has been called by org.fus
esource.jansi.internal.Jan
siLoader in an unnamed 
module (file:/C:/Users/san
de/.m2/wrapper/apache-mave
n-3.9.6/lib/jansi-2.4.0.ja
r)
WARNING: Use --enable-nati
ve-access=ALL-UNNAMED to 
avoid a warning for 
callers in this module
WARNING: Restricted 
methods will be blocked 
in a future release 
unless native access is 
enabled

WARNING: A terminally 
deprecated method in 
sun.misc.Unsafe has been 
called
WARNING: sun.misc.Unsafe::
objectFieldOffset has 
been called by com.google.
common.util.concurrent.Abs
tractFuture$UnsafeAtomicHe
lper (file:/C:/Users/sande
/.m2/wrapper/apache-maven-
3.9.6/lib/guava-32.0.1-jre
.jar)
WARNING: Please consider 
reporting this to the 
maintainers of class com.g
oogle.common.util.concurre
nt.AbstractFuture$UnsafeAt
omicHelper
WARNING: sun.misc.Unsafe::
objectFieldOffset will be 
removed in a future 
release
[INFO] Scanning for projects...
[INFO] 
[INFO] ------------------------< com.sentinel:backend >------------------------
[INFO] Building Sentinel Backend 1.0.0-SNAPSHOT
[INFO]   from pom.xml
[INFO] --------------------------------[ jar ]---------------------------------
[INFO] 
[INFO] >>> spring-boot:3.2.4:run (default-cli) > test-compile @ backend >>>
[INFO] 
[INFO] --- resources:3.3.1:resources (default-resources) @ backend ---
[INFO] Copying 1 resource from src\main\resources to target\classes
[INFO] Copying 0 resource from src\main\resources to target\classes
[INFO] 
[INFO] --- compiler:3.11.0:compile (default-compile) @ backend ---
[INFO] Changes detected - recompiling the module! :source
[INFO] Compiling 32 source files with javac [debug release 17] to target\classes
[INFO] /D:/react/sentinel-analytics/backend/src/main/java/com/sentinel/model/Project.java: Some input files use or override a deprecated API.
[INFO] /D:/react/sentinel-analytics/backend/src/main/java/com/sentinel/model/Project.java: Recompile with -Xlint:deprecation for details.
[INFO] /D:/react/sentinel-analytics/backend/src/main/java/com/sentinel/service/GeminiService.java: D:\react\sentinel-analytics\backend\src\main\java\com\sentinel\service\GeminiService.java uses unchecked or unsafe operations.
[INFO] /D:/react/sentinel-analytics/backend/src/main/java/com/sentinel/service/GeminiService.java: Recompile with -Xlint:unchecked for details.
[INFO] Some messages have been simplified; recompile with -Xdiags:verbose to get full output
[INFO] -------------------------------------------------------------
[ERROR] COMPILATION ERROR : 
[INFO] -------------------------------------------------------------
[ERROR] /D:/react/sentinel-analytics/backend/src/main/java/com/sentinel/service/LogService.java:[77,28] incompatible types: java.lang.String cannot be converted to java.time.OffsetDateTime
[INFO] 1 error
[INFO] -------------------------------------------------------------
[INFO] ------------------------------------------------------------------------
[INFO] BUILD FAILURE
[INFO] ------------------------------------------------------------------------
[INFO] Total time:  4.590 s
[INFO] Finished at: 2026-04-05T11:48:15+05:30
[INFO] ------------------------------------------------------------------------
[ERROR] Failed to execute goal org.apache.maven.plugins:maven-compiler-plugin:3.11.0:compile (default-compile) on project backend: Compilation failure
[ERROR] /D:/react/sentinel-analytics/backend/src/main/java/com/sentinel/service/LogService.java:[77,28] incompatible types: java.lang.String cannot be converted to java.time.OffsetDateTime
[ERROR] 
[ERROR] -> [Help 1]
[ERROR] 
[ERROR] To see the full stack trace of the errors, re-run Maven with the -e switch.
[ERROR] Re-run Maven using the -X switch to enable full debug logging.
[ERROR] 
[ERROR] For more information about the errors and possible solutions, please read the following articles:
[ERROR] [Help 1] http://cwiki.apache.org/confluence/display/MAVEN/MojoFailureException
